TN:
SF:src/services/authActions.ts
FN:17,(anonymous_13)
FN:36,(anonymous_16)
FN:46,(anonymous_19)
FN:61,(anonymous_22)
FN:75,(anonymous_25)
FN:90,(anonymous_28)
FNF:6
FNH:0
FNDA:0,(anonymous_13)
FNDA:0,(anonymous_16)
FNDA:0,(anonymous_19)
FNDA:0,(anonymous_22)
FNDA:0,(anonymous_25)
FNDA:0,(anonymous_28)
DA:1,2
DA:2,2
DA:11,2
DA:13,2
DA:15,2
DA:17,0
DA:19,0
DA:20,0
DA:21,0
DA:22,0
DA:23,0
DA:26,0
DA:27,0
DA:29,0
DA:36,2
DA:37,0
DA:38,0
DA:39,0
DA:40,0
DA:44,2
DA:46,0
DA:48,0
DA:49,0
DA:51,0
DA:57,2
DA:61,0
DA:63,0
DA:64,0
DA:66,0
DA:71,2
DA:75,0
DA:77,0
DA:78,0
DA:79,0
DA:80,0
DA:81,0
DA:83,0
DA:88,2
DA:90,0
DA:91,0
DA:92,0
DA:94,0
DA:95,0
DA:98,0
DA:99,0
DA:100,0
DA:102,0
DA:105,0
LF:48
LH:10
BRDA:26,0,0,0
BRDA:26,0,1,0
BRDA:37,1,0,0
BRDA:92,2,0,0
BRF:4
BRH:0
end_of_record
TN:
SF:src/services/root-reducer.ts
FNF:0
FNH:0
DA:1,2
DA:2,2
DA:3,2
DA:4,2
DA:5,2
DA:6,2
DA:7,2
DA:9,2
LF:8
LH:8
BRF:0
BRH:0
end_of_record
TN:
SF:src/services/slices/constructorSlice.ts
FN:25,(anonymous_2)
FN:32,(anonymous_3)
FN:40,(anonymous_4)
FN:43,(anonymous_5)
FN:46,(anonymous_6)
FN:66,(anonymous_7)
FN:74,(anonymous_8)
FN:83,uuidv4
FNF:8
FNH:5
FNDA:1,(anonymous_2)
FNDA:1,(anonymous_3)
FNDA:1,(anonymous_4)
FNDA:1,(anonymous_5)
FNDA:1,(anonymous_6)
FNDA:0,(anonymous_7)
FNDA:0,(anonymous_8)
FNDA:0,uuidv4
DA:1,2
DA:15,2
DA:20,2
DA:27,1
DA:30,1
DA:33,1
DA:34,1
DA:36,0
DA:42,1
DA:43,1
DA:47,1
DA:48,1
DA:51,1
DA:57,0
DA:61,1
DA:64,1
DA:67,0
DA:68,0
DA:73,2
DA:74,2
DA:75,0
DA:78,2
DA:84,0
LF:23
LH:17
BRDA:27,0,0,0
BRDA:27,0,1,1
BRDA:33,1,0,1
BRDA:33,1,1,0
BRDA:51,2,0,0
BRDA:52,3,0,1
BRDA:52,3,1,1
BRDA:52,3,2,1
BRDA:52,3,3,1
BRF:9
BRH:6
end_of_record
TN:
SF:src/services/slices/feedsSlice.ts
FN:27,(anonymous_13)
FN:44,(anonymous_16)
FN:46,(anonymous_17)
FN:50,(anonymous_18)
FN:56,(anonymous_19)
FN:65,(anonymous_20)
FNF:6
FNH:1
FNDA:0,(anonymous_13)
FNDA:2,(anonymous_16)
FNDA:0,(anonymous_17)
FNDA:0,(anonymous_18)
FNDA:0,(anonymous_19)
FNDA:0,(anonymous_20)
DA:1,2
DA:3,2
DA:14,2
DA:23,2
DA:27,0
DA:29,0
DA:30,0
DA:36,0
DA:40,2
DA:45,2
DA:47,0
DA:48,0
DA:51,0
DA:52,0
DA:53,0
DA:54,0
DA:57,0
DA:58,0
DA:63,2
DA:65,2
LF:20
LH:8
BRF:0
BRH:0
end_of_record
TN:
SF:src/services/slices/ingredients-slice.ts
FN:20,(anonymous_13)
FN:31,(anonymous_16)
FN:33,(anonymous_17)
FN:38,(anonymous_18)
FN:42,(anonymous_19)
FN:50,(anonymous_20)
FNF:6
FNH:4
FNDA:0,(anonymous_13)
FNDA:3,(anonymous_16)
FNDA:1,(anonymous_17)
FNDA:1,(anonymous_18)
FNDA:1,(anonymous_19)
FNDA:0,(anonymous_20)
DA:1,3
DA:2,3
DA:12,3
DA:18,3
DA:20,0
DA:21,0
DA:22,0
DA:26,3
DA:32,3
DA:34,1
DA:36,1
DA:39,1
DA:40,1
DA:43,1
DA:44,1
DA:49,3
DA:50,3
DA:51,0
LF:18
LH:14
BRDA:21,0,0,0
BRDA:44,1,0,1
BRDA:44,1,1,0
BRF:3
BRH:1
end_of_record
TN:
SF:src/services/slices/order-slice.ts
FN:16,(anonymous_13)
FN:28,(anonymous_16)
FN:28,(anonymous_17)
FN:43,(anonymous_19)
FN:49,(anonymous_20)
FN:51,(anonymous_21)
FN:55,(anonymous_22)
FN:59,(anonymous_23)
FN:63,(anonymous_24)
FN:67,(anonymous_25)
FN:71,(anonymous_26)
FN:80,(anonymous_27)
FNF:12
FNH:1
FNDA:0,(anonymous_13)
FNDA:0,(anonymous_16)
FNDA:0,(anonymous_17)
FNDA:0,(anonymous_19)
FNDA:2,(anonymous_20)
FNDA:0,(anonymous_21)
FNDA:0,(anonymous_22)
FNDA:0,(anonymous_23)
FNDA:0,(anonymous_24)
FNDA:0,(anonymous_25)
FNDA:0,(anonymous_26)
FNDA:0,(anonymous_27)
DA:1,2
DA:2,2
DA:14,2
DA:16,0
DA:18,0
DA:19,0
DA:21,0
DA:26,2
DA:28,0
DA:31,2
DA:39,2
DA:44,0
DA:45,0
DA:46,0
DA:50,2
DA:52,0
DA:53,0
DA:56,0
DA:57,0
DA:60,0
DA:61,0
DA:63,2
DA:64,0
DA:65,0
DA:67,2
DA:68,0
DA:69,0
DA:71,2
DA:72,0
DA:73,0
DA:74,0
DA:79,2
DA:80,2
DA:82,2
LF:34
LH:13
BRF:0
BRH:0
end_of_record
TN:
SF:src/services/slices/userOrdersSlice.ts
FN:23,(anonymous_13)
FN:38,(anonymous_16)
FN:40,(anonymous_17)
FN:44,(anonymous_18)
FN:48,(anonymous_19)
FN:58,(anonymous_20)
FNF:6
FNH:1
FNDA:0,(anonymous_13)
FNDA:2,(anonymous_16)
FNDA:0,(anonymous_17)
FNDA:0,(anonymous_18)
FNDA:0,(anonymous_19)
FNDA:0,(anonymous_20)
DA:1,2
DA:2,2
DA:12,2
DA:19,2
DA:23,0
DA:25,0
DA:26,0
DA:28,0
DA:32,2
DA:39,2
DA:41,0
DA:42,0
DA:45,0
DA:46,0
DA:49,0
DA:50,0
DA:55,2
DA:58,2
DA:59,0
LF:19
LH:8
BRDA:50,0,0,0
BRDA:50,0,1,0
BRF:2
BRH:0
end_of_record
TN:
SF:src/services/slices/userSlice.ts
FN:33,(anonymous_0)
FN:37,(anonymous_1)
FN:41,(anonymous_2)
FN:44,(anonymous_3)
FN:48,(anonymous_4)
FN:54,(anonymous_5)
FN:60,(anonymous_6)
FN:64,(anonymous_7)
FN:70,(anonymous_8)
FN:77,(anonymous_9)
FN:84,(anonymous_10)
FN:88,(anonymous_11)
FN:93,(anonymous_12)
FN:100,(anonymous_13)
FN:104,(anonymous_14)
FN:108,(anonymous_15)
FN:115,(anonymous_16)
FN:118,(anonymous_17)
FN:127,(anonymous_18)
FNF:19
FNH:1
FNDA:0,(anonymous_0)
FNDA:0,(anonymous_1)
FNDA:2,(anonymous_2)
FNDA:0,(anonymous_3)
FNDA:0,(anonymous_4)
FNDA:0,(anonymous_5)
FNDA:0,(anonymous_6)
FNDA:0,(anonymous_7)
FNDA:0,(anonymous_8)
FNDA:0,(anonymous_9)
FNDA:0,(anonymous_10)
FNDA:0,(anonymous_11)
FNDA:0,(anonymous_12)
FNDA:0,(anonymous_13)
FNDA:0,(anonymous_14)
FNDA:0,(anonymous_15)
FNDA:0,(anonymous_16)
FNDA:0,(anonymous_17)
FNDA:0,(anonymous_18)
DA:1,2
DA:2,2
DA:21,2
DA:29,2
DA:34,0
DA:35,0
DA:38,0
DA:42,2
DA:45,0
DA:46,0
DA:49,0
DA:50,0
DA:51,0
DA:52,0
DA:55,0
DA:56,0
DA:61,0
DA:62,0
DA:65,0
DA:66,0
DA:67,0
DA:68,0
DA:72,0
DA:73,0
DA:78,0
DA:79,0
DA:80,0
DA:85,0
DA:86,0
DA:89,0
DA:90,0
DA:91,0
DA:94,0
DA:96,0
DA:97,0
DA:101,0
DA:102,0
DA:105,0
DA:106,0
DA:109,0
DA:111,0
DA:116,0
DA:119,0
DA:120,0
DA:125,2
DA:126,2
DA:127,2
LF:47
LH:8
BRDA:55,0,0,0
BRDA:55,0,1,0
BRDA:72,1,0,0
BRDA:72,1,1,0
BRDA:95,2,0,0
BRDA:95,2,1,0
BRDA:110,3,0,0
BRDA:110,3,1,0
BRF:8
BRH:0
end_of_record
TN:
SF:src/utils/burger-api.ts
FN:6,(anonymous_13)
FN:7,(anonymous_14)
FN:18,(anonymous_15)
FN:28,(anonymous_16)
FN:29,(anonymous_17)
FN:38,(anonymous_18)
FN:40,(anonymous_19)
FN:74,(anonymous_21)
FN:76,(anonymous_22)
FN:77,(anonymous_23)
FN:82,(anonymous_24)
FN:84,(anonymous_25)
FN:85,(anonymous_26)
FN:90,(anonymous_27)
FN:97,(anonymous_28)
FN:107,(anonymous_29)
FN:117,(anonymous_30)
FN:126,(anonymous_31)
FN:132,(anonymous_32)
FN:146,(anonymous_33)
FN:154,(anonymous_34)
FN:155,(anonymous_35)
FN:165,(anonymous_36)
FN:173,(anonymous_37)
FN:174,(anonymous_38)
FN:179,(anonymous_39)
FN:187,(anonymous_40)
FN:188,(anonymous_41)
FN:193,(anonymous_42)
FN:201,(anonymous_43)
FN:202,(anonymous_44)
FN:209,(anonymous_45)
FN:216,(anonymous_46)
FN:226,(anonymous_47)
FN:235,(anonymous_48)
FNF:35
FNH:0
FNDA:0,(anonymous_13)
FNDA:0,(anonymous_14)
FNDA:0,(anonymous_15)
FNDA:0,(anonymous_16)
FNDA:0,(anonymous_17)
FNDA:0,(anonymous_18)
FNDA:0,(anonymous_19)
FNDA:0,(anonymous_21)
FNDA:0,(anonymous_22)
FNDA:0,(anonymous_23)
FNDA:0,(anonymous_24)
FNDA:0,(anonymous_25)
FNDA:0,(anonymous_26)
FNDA:0,(anonymous_27)
FNDA:0,(anonymous_28)
FNDA:0,(anonymous_29)
FNDA:0,(anonymous_30)
FNDA:0,(anonymous_31)
FNDA:0,(anonymous_32)
FNDA:0,(anonymous_33)
FNDA:0,(anonymous_34)
FNDA:0,(anonymous_35)
FNDA:0,(anonymous_36)
FNDA:0,(anonymous_37)
FNDA:0,(anonymous_38)
FNDA:0,(anonymous_39)
FNDA:0,(anonymous_40)
FNDA:0,(anonymous_41)
FNDA:0,(anonymous_42)
FNDA:0,(anonymous_43)
FNDA:0,(anonymous_44)
FNDA:0,(anonymous_45)
FNDA:0,(anonymous_46)
FNDA:0,(anonymous_47)
FNDA:0,(anonymous_48)
DA:1,3
DA:4,3
DA:6,3
DA:7,0
DA:18,3
DA:19,0
DA:28,0
DA:30,0
DA:31,0
DA:33,0
DA:34,0
DA:35,0
DA:38,3
DA:40,0
DA:43,0
DA:44,0
DA:46,0
DA:47,0
DA:48,0
DA:49,0
DA:52,0
DA:53,0
DA:55,0
DA:74,3
DA:75,0
DA:76,0
DA:78,0
DA:79,0
DA:82,3
DA:83,0
DA:84,0
DA:86,0
DA:87,0
DA:90,3
DA:91,0
DA:98,0
DA:99,0
DA:107,3
DA:108,0
DA:118,0
DA:119,0
DA:126,3
DA:127,0
DA:132,0
DA:146,3
DA:147,0
DA:154,0
DA:156,0
DA:157,0
DA:165,3
DA:166,0
DA:173,0
DA:175,0
DA:176,0
DA:179,3
DA:180,0
DA:187,0
DA:189,0
DA:190,0
DA:193,3
DA:194,0
DA:201,0
DA:203,0
DA:204,0
DA:209,3
DA:210,0
DA:216,3
DA:217,0
DA:226,3
DA:227,0
DA:235,0
LF:71
LH:17
BRDA:7,0,0,0
BRDA:7,0,1,0
BRDA:30,1,0,0
BRDA:44,2,0,0
BRDA:44,2,1,0
BRDA:44,2,2,0
BRDA:46,3,0,0
BRDA:48,4,0,0
BRDA:78,5,0,0
BRDA:78,6,0,0
BRDA:78,6,1,0
BRDA:78,7,0,0
BRDA:78,7,1,0
BRDA:86,8,0,0
BRDA:86,9,0,0
BRDA:86,9,1,0
BRDA:86,10,0,0
BRDA:86,10,1,0
BRDA:98,11,0,0
BRDA:98,12,0,0
BRDA:98,12,1,0
BRDA:98,13,0,0
BRDA:98,13,1,0
BRDA:118,14,0,0
BRDA:118,15,0,0
BRDA:118,15,1,0
BRDA:118,16,0,0
BRDA:118,16,1,0
BRDA:156,17,0,0
BRDA:156,18,0,0
BRDA:156,18,1,0
BRDA:156,19,0,0
BRDA:156,19,1,0
BRDA:175,20,0,0
BRDA:175,21,0,0
BRDA:175,21,1,0
BRDA:175,22,0,0
BRDA:175,22,1,0
BRDA:189,23,0,0
BRDA:189,24,0,0
BRDA:189,24,1,0
BRDA:189,25,0,0
BRDA:189,25,1,0
BRDA:203,26,0,0
BRDA:203,27,0,0
BRDA:203,27,1,0
BRDA:203,28,0,0
BRDA:203,28,1,0
BRF:48
BRH:0
end_of_record
TN:
SF:src/utils/cookie.ts
FN:1,getCookie
FN:13,setCookie
FN:45,deleteCookie
FNF:3
FNH:0
FNDA:0,getCookie
FNDA:0,setCookie
FNDA:0,deleteCookie
DA:1,3
DA:2,0
DA:10,0
DA:13,3
DA:16,0
DA:18,0
DA:23,0
DA:24,0
DA:25,0
DA:26,0
DA:27,0
DA:30,0
DA:31,0
DA:33,0
DA:34,0
DA:35,0
DA:36,0
DA:37,0
DA:38,0
DA:39,0
DA:42,0
DA:45,3
DA:46,0
LF:23
LH:3
BRDA:10,0,0,0
BRDA:10,0,1,0
BRDA:16,1,0,0
BRDA:24,2,0,0
BRDA:24,3,0,0
BRDA:24,3,1,0
BRDA:30,4,0,0
BRDA:30,5,0,0
BRDA:30,5,1,0
BRDA:38,6,0,0
BRF:10
BRH:0
end_of_record
TN:
SF:src/utils/jest-utils.ts
FN:1,(anonymous_0)
FN:4,(anonymous_1)
FN:5,(anonymous_2)
FN:6,(anonymous_3)
FN:7,(anonymous_4)
FN:8,(anonymous_5)
FN:9,(anonymous_6)
FN:13,(anonymous_7)
FN:14,(anonymous_8)
FN:17,(anonymous_9)
FN:18,(anonymous_10)
FN:19,(anonymous_11)
FNF:12
FNH:11
FNDA:1,(anonymous_0)
FNDA:1,(anonymous_1)
FNDA:4,(anonymous_2)
FNDA:1,(anonymous_3)
FNDA:1,(anonymous_4)
FNDA:1,(anonymous_5)
FNDA:1,(anonymous_6)
FNDA:3,(anonymous_7)
FNDA:0,(anonymous_8)
FNDA:1,(anonymous_9)
FNDA:1,(anonymous_10)
FNDA:1,(anonymous_11)
DA:1,3
DA:4,3
DA:5,6
DA:6,3
DA:7,3
DA:8,3
DA:9,3
DA:13,5
DA:14,2
DA:17,3
DA:18,3
DA:19,3
LF:12
LH:12
BRF:0
BRH:0
end_of_record
